<?xml version="1.0" encoding="UTF-8"?>
<!-- Generated by org.testng.reporters.JUnitReportReporter -->
<testsuite skipped="0" hostname="Thishs-MacBook-Pro-2.local" name="com.form.test.testcases.FormPageTest" tests="8" failures="0" timestamp="12 Feb 2018 18:44:25 GMT" time="64.257" errors="0">
  <testcase name="negativeFormSubmitTest" time="7.712" classname="com.form.test.testcases.FormPageTest"/>
  <testcase name="formSubmitTest" time="8.226" classname="com.form.test.testcases.FormPageTest"/>
  <testcase name="negativeFormSubmitTest" time="7.594" classname="com.form.test.testcases.FormPageTest"/>
  <testcase name="formSubmitWrongFnameTest" time="4.439" classname="com.form.test.testcases.FormPageTest"/>
  <testcase name="formSubmitTest" time="8.662" classname="com.form.test.testcases.FormPageTest"/>
  <testcase name="negativeFormSubmitTest" time="8.297" classname="com.form.test.testcases.FormPageTest"/>
  <testcase name="formSubmitTest" time="8.079" classname="com.form.test.testcases.FormPageTest"/>
  <testcase name="negativeFormSubmitTest" time="11.248" classname="com.form.test.testcases.FormPageTest"/>
</testsuite> <!-- com.form.test.testcases.FormPageTest -->
